<?xml version="1.0" encoding="UTF-8"?>
<!-- Generated by org.testng.reporters.JUnitXMLReporter -->
<testsuite hostname="Anoops-MBP-2" ignored="0" name="Default test" tests="4" failures="0" timestamp="2020-05-23T13:37:16 CEST" time="321.974" errors="0">
  <testcase name="invalidSecretKey" time="114.309" classname="se.leeroyMpos.qa.tests.RegisterTest"/>
  <testcase name="validSecretKey" time="180.341" classname="se.leeroyMpos.qa.tests.RegisterTest"/>
  <testcase name="CompleteRegistration" time="9.27" classname="se.leeroyMpos.qa.tests.RegisterTest"/>
  <testcase name="SelectPrinter" time="2.75" classname="se.leeroyMpos.qa.tests.RegisterTest"/>
</testsuite> <!-- Default test -->
