<?xml version="1.0" encoding="UTF-8"?>
<!-- Generated by org.testng.reporters.JUnitXMLReporter -->
<testsuite hostname="Anoops-MBP-2" ignored="0" name="Default test" tests="3" failures="0" timestamp="2020-04-30T20:51:07 CEST" time="55.058" errors="0">
  <testcase name="invalidPinNumber" time="7.485" classname="se.leeroyMpos.qa.tests.LoginTest"/>
  <testcase name="validPinNumber" time="13.901" classname="se.leeroyMpos.qa.tests.LoginTest"/>
  <testcase name="addToCart" time="27.013" classname="se.leeroyMpos.qa.tests.LoginTest"/>
</testsuite> <!-- Default test -->
